{"/Users/simon/Projects/My_Projects/canvas-editor/src/tests/coverage.js": {"path":"/Users/simon/Projects/My_Projects/canvas-editor/src/tests/coverage.js","statementMap":{"0":{"start":{"line":2,"column":20},"end":{"line":8,"column":1}},"1":{"start":{"line":3,"column":2},"end":{"line":7,"column":3}},"2":{"start":{"line":4,"column":6},"end":{"line":4,"column":16}},"3":{"start":{"line":6,"column":6},"end":{"line":6,"column":16}},"4":{"start":{"line":11,"column":19},"end":{"line":13,"column":1}},"5":{"start":{"line":12,"column":2},"end":{"line":12,"column":14}},"6":{"start":{"line":15,"column":24},"end":{"line":17,"column":1}},"7":{"start":{"line":16,"column":2},"end":{"line":16,"column":10}}},"fnMap":{"0":{"name":"(anonymous_0)","decl":{"start":{"line":2,"column":20},"end":{"line":2,"column":21}},"loc":{"start":{"line":2,"column":33},"end":{"line":8,"column":1}},"line":2},"1":{"name":"(anonymous_1)","decl":{"start":{"line":11,"column":19},"end":{"line":11,"column":20}},"loc":{"start":{"line":11,"column":29},"end":{"line":13,"column":1}},"line":11},"2":{"name":"(anonymous_2)","decl":{"start":{"line":15,"column":24},"end":{"line":15,"column":25}},"loc":{"start":{"line":15,"column":31},"end":{"line":17,"column":1}},"line":15}},"branchMap":{"0":{"loc":{"start":{"line":3,"column":2},"end":{"line":7,"column":3}},"type":"if","locations":[{"start":{"line":3,"column":2},"end":{"line":7,"column":3}},{"start":{"line":5,"column":7},"end":{"line":7,"column":3}}],"line":3}},"s":{"0":1,"1":1,"2":1,"3":0,"4":1,"5":1,"6":1,"7":0},"f":{"0":1,"1":1,"2":0},"b":{"0":[1,0]},"_coverageSchema":"1a1c01bbd47fc00a2c39e90264f33305004495a9","hash":"75be751b4b59611224a3df01cbc53551307e3ee7"}
,"/Users/simon/Projects/My_Projects/canvas-editor/src/tests/coverage2.js": {"path":"/Users/simon/Projects/My_Projects/canvas-editor/src/tests/coverage2.js","statementMap":{"0":{"start":{"line":1,"column":24},"end":{"line":3,"column":1}},"1":{"start":{"line":2,"column":2},"end":{"line":2,"column":10}}},"fnMap":{"0":{"name":"(anonymous_0)","decl":{"start":{"line":1,"column":24},"end":{"line":1,"column":25}},"loc":{"start":{"line":1,"column":31},"end":{"line":3,"column":1}},"line":1}},"branchMap":{},"s":{"0":1,"1":0},"f":{"0":0},"b":{},"_coverageSchema":"1a1c01bbd47fc00a2c39e90264f33305004495a9","hash":"edf5e04dc0fb08f262f50dab8e42fdfb939e2c82"}
,"/Users/simon/Projects/My_Projects/canvas-editor/src/tests/performance.js": {"path":"/Users/simon/Projects/My_Projects/canvas-editor/src/tests/performance.js","statementMap":{"0":{"start":{"line":3,"column":33},"end":{"line":13,"column":1}},"1":{"start":{"line":8,"column":18},"end":{"line":8,"column":49}},"2":{"start":{"line":9,"column":2},"end":{"line":11,"column":3}},"3":{"start":{"line":12,"column":2},"end":{"line":12,"column":10}},"4":{"start":{"line":15,"column":34},"end":{"line":22,"column":1}},"5":{"start":{"line":17,"column":18},"end":{"line":17,"column":49}},"6":{"start":{"line":18,"column":2},"end":{"line":20,"column":3}},"7":{"start":{"line":21,"column":2},"end":{"line":21,"column":10}},"8":{"start":{"line":24,"column":34},"end":{"line":31,"column":1}},"9":{"start":{"line":26,"column":18},"end":{"line":26,"column":49}},"10":{"start":{"line":27,"column":2},"end":{"line":29,"column":3}},"11":{"start":{"line":30,"column":2},"end":{"line":30,"column":10}},"12":{"start":{"line":33,"column":34},"end":{"line":40,"column":1}},"13":{"start":{"line":35,"column":18},"end":{"line":35,"column":49}},"14":{"start":{"line":36,"column":2},"end":{"line":38,"column":3}},"15":{"start":{"line":39,"column":2},"end":{"line":39,"column":10}},"16":{"start":{"line":42,"column":34},"end":{"line":49,"column":1}},"17":{"start":{"line":44,"column":18},"end":{"line":44,"column":49}},"18":{"start":{"line":45,"column":2},"end":{"line":47,"column":3}},"19":{"start":{"line":48,"column":2},"end":{"line":48,"column":10}}},"fnMap":{"0":{"name":"(anonymous_0)","decl":{"start":{"line":3,"column":33},"end":{"line":3,"column":34}},"loc":{"start":{"line":3,"column":39},"end":{"line":13,"column":1}},"line":3},"1":{"name":"(anonymous_1)","decl":{"start":{"line":15,"column":34},"end":{"line":15,"column":35}},"loc":{"start":{"line":15,"column":40},"end":{"line":22,"column":1}},"line":15},"2":{"name":"(anonymous_2)","decl":{"start":{"line":24,"column":34},"end":{"line":24,"column":35}},"loc":{"start":{"line":24,"column":40},"end":{"line":31,"column":1}},"line":24},"3":{"name":"(anonymous_3)","decl":{"start":{"line":33,"column":34},"end":{"line":33,"column":35}},"loc":{"start":{"line":33,"column":40},"end":{"line":40,"column":1}},"line":33},"4":{"name":"(anonymous_4)","decl":{"start":{"line":42,"column":34},"end":{"line":42,"column":35}},"loc":{"start":{"line":42,"column":40},"end":{"line":49,"column":1}},"line":42}},"branchMap":{},"s":{"0":1,"1":1,"2":1,"3":1,"4":1,"5":1,"6":1,"7":1,"8":1,"9":1,"10":1,"11":1,"12":1,"13":1,"14":1,"15":1,"16":1,"17":1,"18":1,"19":1},"f":{"0":1,"1":1,"2":1,"3":1,"4":1},"b":{},"_coverageSchema":"1a1c01bbd47fc00a2c39e90264f33305004495a9","hash":"7abf7ef3c806912ac863328ff7299a424f05deed"}
}
