TN:
SF:src/tests/coverage.js
FN:2,(anonymous_0)
FN:11,(anonymous_1)
FN:15,(anonymous_2)
FNF:3
FNH:2
FNDA:1,(anonymous_0)
FNDA:1,(anonymous_1)
FNDA:0,(anonymous_2)
DA:2,1
DA:3,1
DA:4,1
DA:6,0
DA:11,1
DA:12,1
DA:15,1
DA:16,0
LF:8
LH:6
BRDA:3,0,0,1
BRDA:3,0,1,0
BRF:2
BRH:1
end_of_record
TN:
SF:src/tests/coverage2.js
FN:1,(anonymous_0)
FNF:1
FNH:0
FNDA:0,(anonymous_0)
DA:1,1
DA:2,0
LF:2
LH:1
BRF:0
BRH:0
end_of_record
TN:
SF:src/tests/performance.js
FN:3,(anonymous_0)
FN:15,(anonymous_1)
FN:24,(anonymous_2)
FN:33,(anonymous_3)
FN:42,(anonymous_4)
FNF:5
FNH:3
FNDA:3,(anonymous_0)
FNDA:3,(anonymous_1)
FNDA:3,(anonymous_2)
FNDA:0,(anonymous_3)
FNDA:0,(anonymous_4)
DA:3,3
DA:8,3
DA:9,3
DA:12,3
DA:15,3
DA:17,3
DA:18,3
DA:21,3
DA:24,3
DA:26,3
DA:27,3
DA:30,3
DA:33,3
DA:35,0
DA:36,0
DA:39,0
DA:42,3
DA:44,0
DA:45,0
DA:48,0
LF:20
LH:14
BRF:0
BRH:0
end_of_record
